The following modules were not unloaded:
  (Use "module --force purge" to unload all):

  1) CCconfig         4) imkl/2020.1.217    7) libfabric/1.10.1
  2) gentoo/2020      5) intel/2020.1.217   8) openmpi/4.0.3
  3) gcccore/.9.3.0   6) ucx/1.8.0          9) StdEnv/2020

Lmod is automatically replacing "intel/2020.1.217" with "gcc/9.3.0".


Due to MODULEPATH changes, the following have been reloaded:
  1) libfabric/1.10.1     2) openmpi/4.0.3     3) ucx/1.8.0

The environment has already been set by the module.
Not making any changes.
The environment has already been set by the module.
Not making any changes.
-I: Adding /cvmfs/restricted.computecanada.ca/easybuild/software/2020/avx2/MPI/gcc9/cuda11.4/openmpi4/amber/20.12-20.15/dat/leap/prep to search path.
-I: Adding /cvmfs/restricted.computecanada.ca/easybuild/software/2020/avx2/MPI/gcc9/cuda11.4/openmpi4/amber/20.12-20.15/dat/leap/lib to search path.
-I: Adding /cvmfs/restricted.computecanada.ca/easybuild/software/2020/avx2/MPI/gcc9/cuda11.4/openmpi4/amber/20.12-20.15/dat/leap/parm to search path.
-I: Adding /cvmfs/restricted.computecanada.ca/easybuild/software/2020/avx2/MPI/gcc9/cuda11.4/openmpi4/amber/20.12-20.15/dat/leap/cmd to search path.
-f: Source PPO.in.

Welcome to LEaP!
(no leaprc in search path)
Sourcing: ./PPO.in
----- Source: /cvmfs/restricted.computecanada.ca/easybuild/software/2020/avx2/MPI/gcc9/cuda11.4/openmpi4/amber/20.12-20.15/dat/leap/cmd/leaprc.gaff
----- Source of /cvmfs/restricted.computecanada.ca/easybuild/software/2020/avx2/MPI/gcc9/cuda11.4/openmpi4/amber/20.12-20.15/dat/leap/cmd/leaprc.gaff done
Log file: ./leap.log
Loading parameters: /cvmfs/restricted.computecanada.ca/easybuild/software/2020/avx2/MPI/gcc9/cuda11.4/openmpi4/amber/20.12-20.15/dat/leap/parm/gaff.dat
Reading title:
AMBER General Force Field for organic molecules (Version 1.81, May 2017)
Loading Mol2 file: ../ligand_files/PPO.mol2
Reading MOLECULE named PPO
Loading parameters: ../ligand_files/PPO.frcmod
Reading force field modification type file (frcmod)
Reading title:
Remark line goes here
Building topology.
Building atom parameters.
	Quit

Exiting LEaP: Errors = 0; Warnings = 0; Notes = 0.
-I: Adding /cvmfs/restricted.computecanada.ca/easybuild/software/2020/avx2/MPI/gcc9/cuda11.4/openmpi4/amber/20.12-20.15/dat/leap/prep to search path.
-I: Adding /cvmfs/restricted.computecanada.ca/easybuild/software/2020/avx2/MPI/gcc9/cuda11.4/openmpi4/amber/20.12-20.15/dat/leap/lib to search path.
-I: Adding /cvmfs/restricted.computecanada.ca/easybuild/software/2020/avx2/MPI/gcc9/cuda11.4/openmpi4/amber/20.12-20.15/dat/leap/parm to search path.
-I: Adding /cvmfs/restricted.computecanada.ca/easybuild/software/2020/avx2/MPI/gcc9/cuda11.4/openmpi4/amber/20.12-20.15/dat/leap/cmd to search path.
-f: Source VRT.in.

Welcome to LEaP!
(no leaprc in search path)
Sourcing: ./VRT.in
----- Source: /cvmfs/restricted.computecanada.ca/easybuild/software/2020/avx2/MPI/gcc9/cuda11.4/openmpi4/amber/20.12-20.15/dat/leap/cmd/leaprc.gaff
----- Source of /cvmfs/restricted.computecanada.ca/easybuild/software/2020/avx2/MPI/gcc9/cuda11.4/openmpi4/amber/20.12-20.15/dat/leap/cmd/leaprc.gaff done
Log file: ./leap.log
Loading parameters: /cvmfs/restricted.computecanada.ca/easybuild/software/2020/avx2/MPI/gcc9/cuda11.4/openmpi4/amber/20.12-20.15/dat/leap/parm/gaff.dat
Reading title:
AMBER General Force Field for organic molecules (Version 1.81, May 2017)
Loading Mol2 file: ../ligand_files/VRT.mol2
Reading MOLECULE named vert12
Loading parameters: ../ligand_files/VRT.frcmod
Reading force field modification type file (frcmod)
Reading title:
Remark line goes here
Building topology.
Building atom parameters.
	Quit

Exiting LEaP: Errors = 0; Warnings = 0; Notes = 0.
-I: Adding /cvmfs/restricted.computecanada.ca/easybuild/software/2020/avx2/MPI/gcc9/cuda11.4/openmpi4/amber/20.12-20.15/dat/leap/prep to search path.
-I: Adding /cvmfs/restricted.computecanada.ca/easybuild/software/2020/avx2/MPI/gcc9/cuda11.4/openmpi4/amber/20.12-20.15/dat/leap/lib to search path.
-I: Adding /cvmfs/restricted.computecanada.ca/easybuild/software/2020/avx2/MPI/gcc9/cuda11.4/openmpi4/amber/20.12-20.15/dat/leap/parm to search path.
-I: Adding /cvmfs/restricted.computecanada.ca/easybuild/software/2020/avx2/MPI/gcc9/cuda11.4/openmpi4/amber/20.12-20.15/dat/leap/cmd to search path.
-f: Source complex.in.

Welcome to LEaP!
(no leaprc in search path)
Sourcing: ./complex.in
----- Source: /cvmfs/restricted.computecanada.ca/easybuild/software/2020/avx2/MPI/gcc9/cuda11.4/openmpi4/amber/20.12-20.15/dat/leap/cmd/leaprc.protein.ff14SB
----- Source of /cvmfs/restricted.computecanada.ca/easybuild/software/2020/avx2/MPI/gcc9/cuda11.4/openmpi4/amber/20.12-20.15/dat/leap/cmd/leaprc.protein.ff14SB done
Log file: ./leap.log
Loading parameters: /cvmfs/restricted.computecanada.ca/easybuild/software/2020/avx2/MPI/gcc9/cuda11.4/openmpi4/amber/20.12-20.15/dat/leap/parm/parm10.dat
Reading title:
PARM99 + frcmod.ff99SB + frcmod.parmbsc0 + OL3 for RNA
Loading parameters: /cvmfs/restricted.computecanada.ca/easybuild/software/2020/avx2/MPI/gcc9/cuda11.4/openmpi4/amber/20.12-20.15/dat/leap/parm/frcmod.ff14SB
Reading force field modification type file (frcmod)
Reading title:
ff14SB protein backbone and sidechain parameters
Loading library: /cvmfs/restricted.computecanada.ca/easybuild/software/2020/avx2/MPI/gcc9/cuda11.4/openmpi4/amber/20.12-20.15/dat/leap/lib/amino12.lib
Loading library: /cvmfs/restricted.computecanada.ca/easybuild/software/2020/avx2/MPI/gcc9/cuda11.4/openmpi4/amber/20.12-20.15/dat/leap/lib/aminoct12.lib
Loading library: /cvmfs/restricted.computecanada.ca/easybuild/software/2020/avx2/MPI/gcc9/cuda11.4/openmpi4/amber/20.12-20.15/dat/leap/lib/aminont12.lib
----- Source: /cvmfs/restricted.computecanada.ca/easybuild/software/2020/avx2/MPI/gcc9/cuda11.4/openmpi4/amber/20.12-20.15/dat/leap/cmd/leaprc.gaff
----- Source of /cvmfs/restricted.computecanada.ca/easybuild/software/2020/avx2/MPI/gcc9/cuda11.4/openmpi4/amber/20.12-20.15/dat/leap/cmd/leaprc.gaff done
Log file: ./leap.log
Loading parameters: /cvmfs/restricted.computecanada.ca/easybuild/software/2020/avx2/MPI/gcc9/cuda11.4/openmpi4/amber/20.12-20.15/dat/leap/parm/gaff.dat
Reading title:
AMBER General Force Field for organic molecules (Version 1.81, May 2017)
----- Source: /cvmfs/restricted.computecanada.ca/easybuild/software/2020/avx2/MPI/gcc9/cuda11.4/openmpi4/amber/20.12-20.15/dat/leap/cmd/leaprc.water.tip3p
----- Source of /cvmfs/restricted.computecanada.ca/easybuild/software/2020/avx2/MPI/gcc9/cuda11.4/openmpi4/amber/20.12-20.15/dat/leap/cmd/leaprc.water.tip3p done
Loading library: /cvmfs/restricted.computecanada.ca/easybuild/software/2020/avx2/MPI/gcc9/cuda11.4/openmpi4/amber/20.12-20.15/dat/leap/lib/atomic_ions.lib
Loading library: /cvmfs/restricted.computecanada.ca/easybuild/software/2020/avx2/MPI/gcc9/cuda11.4/openmpi4/amber/20.12-20.15/dat/leap/lib/solvents.lib
Loading parameters: /cvmfs/restricted.computecanada.ca/easybuild/software/2020/avx2/MPI/gcc9/cuda11.4/openmpi4/amber/20.12-20.15/dat/leap/parm/frcmod.tip3p
Reading force field modification type file (frcmod)
Reading title:
This is the additional/replacement parameter set for TIP3P water
Loading parameters: /cvmfs/restricted.computecanada.ca/easybuild/software/2020/avx2/MPI/gcc9/cuda11.4/openmpi4/amber/20.12-20.15/dat/leap/parm/frcmod.ions1lm_126_tip3p
Reading force field modification type file (frcmod)
Reading title:
Li/Merz ion parameters of monovalent ions for TIP3P water model (12-6 normal usage set)
Loading parameters: /cvmfs/restricted.computecanada.ca/easybuild/software/2020/avx2/MPI/gcc9/cuda11.4/openmpi4/amber/20.12-20.15/dat/leap/parm/frcmod.ionsjc_tip3p
Reading force field modification type file (frcmod)
Reading title:
Monovalent ion parameters for Ewald and TIP3P water from Joung & Cheatham JPCB (2008)
Loading parameters: /cvmfs/restricted.computecanada.ca/easybuild/software/2020/avx2/MPI/gcc9/cuda11.4/openmpi4/amber/20.12-20.15/dat/leap/parm/frcmod.ions234lm_126_tip3p
Reading force field modification type file (frcmod)
Reading title:
Li/Merz ion parameters of divalent to tetravalent ions for TIP3P water model (12-6 normal usage set)
Loading parameters: ../ligand_files/PPO.frcmod
Reading force field modification type file (frcmod)
Reading title:
Remark line goes here
Loading parameters: ../ligand_files/VRT.frcmod
Reading force field modification type file (frcmod)
Reading title:
Remark line goes here
Loading library: ../ligand_files/PPO.lib
Loading library: ../ligand_files/VRT.lib
Loading PDB file: ../TXS-vert12_start.pdb
 (starting new molecule for chain A)
  total atoms in file: 12607
Adding 22 counter ions to "complex" using 1A grid
Grid extends from solute vdw + 3.89  to  9.99
Resolution:      1.00 Angstrom.
 (no solvent present)
Calculating grid charges
Placed Na+ in complex at (56.02, 12.08, 87.07).
Placed Na+ in complex at (60.02, 35.08, 58.07).
Placed Na+ in complex at (68.02, -9.92, 72.07).
Placed Na+ in complex at (25.02, 50.08, 59.07).
Placed Na+ in complex at (68.02, 7.08, 79.07).
Placed Na+ in complex at (34.02, 19.08, 92.07).
Placed Na+ in complex at (54.02, 49.08, 73.07).
Placed Na+ in complex at (45.02, 1.08, 34.07).
Placed Na+ in complex at (41.02, 75.08, 45.07).
Placed Na+ in complex at (60.02, 72.08, 37.07).
Placed Na+ in complex at (32.02, 1.08, 102.07).
Placed Na+ in complex at (57.02, 32.08, 66.07).
Placed Na+ in complex at (24.02, -14.92, 67.07).
Placed Na+ in complex at (12.02, 45.08, 46.07).
Placed Na+ in complex at (63.02, -2.92, 65.07).
Placed Na+ in complex at (44.02, -27.92, 83.07).
Placed Na+ in complex at (59.02, 11.08, 33.07).
Placed Na+ in complex at (17.02, 25.08, 74.07).
Placed Na+ in complex at (38.02, -5.92, 58.07).
Placed Na+ in complex at (44.02, 38.08, 70.07).
Placed Na+ in complex at (54.02, 55.08, 26.07).
Placed Na+ in complex at (47.02, -3.92, 102.07).

Done adding ions.
Scaling up box by a factor of 1.135705 to meet diagonal cut criterion
  Solute vdw bounding box:              58.563 117.967 72.285
  Total bounding box for atom centers:  140.681 140.681 140.681
      (box expansion for 'iso' is 156.3%)
  Solvent unit box:                     18.774 18.774 18.774
  Volume: 1422021.430 A^3 (oct)
  Total mass 793002.293 amu,  Density 0.926 g/cc
  Added 38964 residues.
Adding 256 counter ions to "complex". 38708 solvent molecules will remain.
0: Placed Na+ in complex at (-32.80, 23.98, 4.75).
Placed Cl- in complex at (32.42, -49.01, 4.45).
0: Placed Na+ in complex at (-45.66, -14.67, 25.68).
Placed Cl- in complex at (-36.17, 6.75, -51.81).
0: Placed Na+ in complex at (1.20, 9.30, 63.58).
Placed Cl- in complex at (28.92, -45.76, -18.48).
0: Placed Na+ in complex at (-23.00, 46.57, 29.41).
Placed Cl- in complex at (37.43, -4.63, 24.95).
0: Placed Na+ in complex at (39.46, -8.81, 25.52).
Placed Cl- in complex at (7.61, -4.23, 39.68).
0: Placed Na+ in complex at (-46.48, 20.68, -7.75).
Placed Cl- in complex at (-3.31, 51.48, 23.02).
0: Placed Na+ in complex at (-3.33, 41.73, 16.39).
Placed Cl- in complex at (28.72, -16.62, 49.92).
0: Placed Na+ in complex at (-5.51, -28.13, 43.28).
Placed Cl- in complex at (-15.68, 22.66, 49.74).
0: Placed Na+ in complex at (-57.27, -44.28, -11.77).
Placed Cl- in complex at (-1.81, -27.80, 0.65).
0: Placed Na+ in complex at (2.15, 14.04, 45.43).
Placed Cl- in complex at (31.27, 21.13, -43.10).
0: Placed Na+ in complex at (21.01, 24.43, 44.43).
Placed Cl- in complex at (-5.73, -53.74, -16.83).
0: Placed Na+ in complex at (-18.14, 40.31, -25.97).
Placed Cl- in complex at (-48.20, 22.66, -3.36).
0: Placed Na+ in complex at (32.69, 6.53, -49.39).
Placed Cl- in complex at (-8.54, -38.04, -46.51).
0: Placed Na+ in complex at (55.57, -24.62, -16.38).
Placed Cl- in complex at (-24.90, 18.77, -26.70).
0: Placed Na+ in complex at (-54.85, -19.52, 16.38).
Placed Cl- in complex at (30.50, -28.13, -3.64).
0: Placed Na+ in complex at (2.20, -36.20, -1.25).
Placed Cl- in complex at (23.05, -24.62, 10.17).
0: Placed Na+ in complex at (-52.13, 34.45, -28.55).
Placed Cl- in complex at (-15.99, 25.67, -29.61).
0: Placed Na+ in complex at (7.19, 45.07, 41.12).
Placed Cl- in complex at (-59.38, -21.44, 23.45).
0: Placed Na+ in complex at (-28.92, -45.59, 25.54).
Placed Cl- in complex at (-41.47, -20.09, 30.10).
0: Placed Na+ in complex at (0.65, 11.86, 56.70).
Placed Cl- in complex at (27.28, -39.57, 21.40).
0: Placed Na+ in complex at (2.95, -45.12, 35.68).
Placed Cl- in complex at (-39.18, 36.93, -14.34).
0: Placed Na+ in complex at (-27.62, 40.42, 39.25).
Placed Cl- in complex at (24.86, 6.14, 14.53).
0: Placed Na+ in complex at (-39.19, 8.35, -17.50).
Placed Cl- in complex at (48.99, -22.00, 32.66).
0: Placed Na+ in complex at (-24.65, -18.42, -6.34).
Placed Cl- in complex at (-39.20, 28.96, 16.00).
0: Placed Na+ in complex at (41.97, 55.04, 3.05).
Placed Cl- in complex at (19.38, 24.35, -26.43).
0: Placed Na+ in complex at (18.62, -8.66, 19.64).
Placed Cl- in complex at (39.88, 40.26, -8.76).
0: Placed Na+ in complex at (46.11, -29.59, 28.66).
Placed Cl- in complex at (20.65, -50.46, -28.71).
0: Placed Na+ in complex at (17.27, -2.86, -67.02).
Placed Cl- in complex at (-5.78, -56.42, -35.56).
0: Placed Na+ in complex at (0.17, -39.46, -22.84).
Placed Cl- in complex at (-33.55, 33.86, -41.99).
0: Placed Na+ in complex at (47.05, -33.79, -32.93).
Placed Cl- in complex at (10.91, -19.41, 53.89).
0: Placed Na+ in complex at (4.98, 5.01, -57.64).
Placed Cl- in complex at (-6.18, 33.79, 20.09).
0: Placed Na+ in complex at (-26.21, -12.26, -4.69).
Placed Cl- in complex at (-31.32, -13.69, 50.30).
0: Placed Na+ in complex at (-23.93, 5.91, -50.56).
Placed Cl- in complex at (-59.29, -2.13, -0.86).
0: Placed Na+ in complex at (-6.18, 33.79, 46.64).
Placed Cl- in complex at (-27.76, -55.79, 21.35).
0: Placed Na+ in complex at (-48.21, 15.80, -7.00).
Placed Cl- in complex at (-22.57, 6.59, -62.95).
0: Placed Na+ in complex at (11.77, -25.04, -1.28).
Placed Cl- in complex at (-17.98, 12.20, -32.93).
0: Placed Na+ in complex at (7.10, -29.70, -35.04).
Placed Cl- in complex at (31.85, -52.22, -35.22).
0: Placed Na+ in complex at (-34.77, 13.57, -37.29).
Placed Cl- in complex at (11.11, 57.72, -7.61).
0: Placed Na+ in complex at (10.06, -25.66, -42.84).
Placed Cl- in complex at (38.12, -47.23, 8.12).
0: Placed Na+ in complex at (16.23, 63.74, 15.91).
Placed Cl- in complex at (-8.63, -21.20, 33.60).
0: Placed Na+ in complex at (-22.71, -42.79, 11.11).
Placed Cl- in complex at (-9.98, 2.25, 66.71).
0: Placed Na+ in complex at (-21.41, -32.22, -32.40).
Placed Cl- in complex at (-35.99, -15.98, -35.49).
0: Placed Na+ in complex at (34.49, 27.96, 9.10).
Placed Cl- in complex at (10.15, -1.79, 60.43).
0: Placed Na+ in complex at (-12.84, -41.79, -10.87).
Placed Cl- in complex at (-60.29, -20.39, -8.55).
0: Placed Na+ in complex at (-33.08, -48.94, -19.39).
Placed Cl- in complex at (34.91, 11.76, -41.40).
0: Placed Na+ in complex at (-19.47, 25.12, 51.85).
Placed Cl- in complex at (28.67, 7.54, 16.75).
0: Placed Na+ in complex at (-14.65, -62.36, -24.10).
Placed Cl- in complex at (-2.75, -56.10, 11.63).
0: Placed Na+ in complex at (-46.46, 39.76, -1.22).
Placed Cl- in complex at (-52.23, -2.70, 9.10).
0: Placed Na+ in complex at (-8.87, 35.63, -30.73).
Placed Cl- in complex at (31.37, -13.23, 61.41).
0: Placed Na+ in complex at (-3.10, -36.89, -27.77).
Placed Cl- in complex at (-48.45, -9.80, 12.42).
0: Placed Na+ in complex at (-10.75, 34.50, -35.57).
Placed Cl- in complex at (53.54, -4.19, 16.38).
0: Placed Na+ in complex at (-5.90, 42.27, -32.03).
Placed Cl- in complex at (8.54, -28.11, 60.83).
0: Placed Na+ in complex at (-0.81, 26.05, -18.15).
Placed Cl- in complex at (-15.65, 34.70, -60.01).
0: Placed Na+ in complex at (36.68, 0.69, 22.33).
Placed Cl- in complex at (-0.81, 49.05, -4.87).
0: Placed Na+ in complex at (-10.77, 15.27, 62.36).
Placed Cl- in complex at (43.38, -10.73, -3.39).
0: Placed Na+ in complex at (-26.77, -25.13, 12.42).
Placed Cl- in complex at (28.87, -39.24, 27.85).
0: Placed Na+ in complex at (-27.17, 53.43, 41.04).
Placed Cl- in complex at (-28.88, -6.01, -26.34).
0: Placed Na+ in complex at (18.34, -19.59, -63.27).
Placed Cl- in complex at (-11.90, 11.88, -34.10).
0: Placed Na+ in complex at (56.85, 20.48, -14.02).
Placed Cl- in complex at (31.86, 57.13, 16.38).
0: Placed Na+ in complex at (25.22, -13.34, 40.41).
Placed Cl- in complex at (6.39, -32.17, -57.45).
0: Placed Na+ in complex at (-7.32, 14.04, 47.83).
Placed Cl- in complex at (-17.41, -38.77, -1.37).
0: Placed Na+ in complex at (-11.49, -27.18, -23.45).
Placed Cl- in complex at (-45.66, 8.32, -14.15).
0: Placed Na+ in complex at (6.17, 31.30, 30.89).
Placed Cl- in complex at (27.68, -30.99, -43.19).
0: Placed Na+ in complex at (49.52, 23.64, -8.94).
Placed Cl- in complex at (37.85, 10.20, 3.45).
0: Placed Na+ in complex at (35.15, -50.78, -38.58).
Placed Cl- in complex at (5.35, -53.03, -42.80).
0: Placed Na+ in complex at (3.27, 57.86, -23.79).
Placed Cl- in complex at (33.33, 48.83, 8.10).
0: Placed Na+ in complex at (-6.08, 43.85, 8.08).
Placed Cl- in complex at (42.05, -24.75, 7.78).
0: Placed Na+ in complex at (38.33, -1.44, 38.82).
Placed Cl- in complex at (34.45, -36.53, 29.12).
0: Placed Na+ in complex at (-2.98, -56.74, -19.61).
Placed Cl- in complex at (-24.41, 19.71, -49.77).
0: Placed Na+ in complex at (-52.12, 35.92, 9.34).
Placed Cl- in complex at (-4.84, -30.99, 9.92).
0: Placed Na+ in complex at (-19.29, -64.89, 11.70).
Placed Cl- in complex at (-23.00, 23.58, -63.52).
0: Placed Na+ in complex at (-12.23, -67.59, -23.51).
Placed Cl- in complex at (6.39, -25.77, 15.73).
0: Placed Na+ in complex at (54.13, -28.61, -20.88).
Placed Cl- in complex at (30.73, 33.70, -31.18).
0: Placed Na+ in complex at (-0.44, 39.47, 5.82).
Placed Cl- in complex at (-39.82, 32.65, 13.86).
0: Placed Na+ in complex at (26.00, -11.75, 64.89).
Placed Cl- in complex at (-13.80, -37.06, 27.69).
0: Placed Na+ in complex at (-3.89, -24.14, 52.07).
Placed Cl- in complex at (-33.21, -17.12, 33.88).
0: Placed Na+ in complex at (9.31, -8.89, 24.09).
Placed Cl- in complex at (-8.87, 58.62, 35.65).
0: Placed Na+ in complex at (25.10, -54.07, -2.21).
Placed Cl- in complex at (1.97, -41.02, 22.37).
0: Placed Na+ in complex at (15.90, -48.76, 4.27).
Placed Cl- in complex at (33.47, 30.51, -0.85).
0: Placed Na+ in complex at (56.74, 42.04, 19.39).
Placed Cl- in complex at (-38.90, -29.77, 14.87).
0: Placed Na+ in complex at (30.21, -7.84, 41.10).
Placed Cl- in complex at (-20.31, 52.02, 36.72).
0: Placed Na+ in complex at (3.54, 1.99, -39.24).
Placed Cl- in complex at (-9.88, 38.18, 38.97).
0: Placed Na+ in complex at (-8.64, 2.11, -46.45).
Placed Cl- in complex at (36.02, -27.74, -49.32).
0: Placed Na+ in complex at (-41.99, -34.89, -34.86).
Placed Cl- in complex at (52.95, 5.80, -43.10).
0: Placed Na+ in complex at (-45.04, -8.17, -13.30).
Placed Cl- in complex at (-27.77, -8.19, 40.25).
0: Placed Na+ in complex at (-59.22, -1.44, -40.84).
Placed Cl- in complex at (28.46, -48.35, -47.31).
0: Placed Na+ in complex at (-8.96, -20.09, -49.55).
Placed Cl- in complex at (-53.76, 11.98, -10.50).
0: Placed Na+ in complex at (5.33, -12.80, 16.73).
Placed Cl- in complex at (41.92, 33.73, -17.20).
0: Placed Na+ in complex at (10.56, -29.67, -35.07).
Placed Cl- in complex at (-24.11, 18.28, -36.41).
0: Placed Na+ in complex at (27.34, 55.20, -29.66).
Placed Cl- in complex at (-30.22, 23.27, 59.69).
0: Placed Na+ in complex at (-57.68, 17.27, -22.04).
Placed Cl- in complex at (-16.02, -52.10, 23.45).
0: Placed Na+ in complex at (-22.98, -1.76, -5.50).
Placed Cl- in complex at (8.82, 10.19, -43.47).
0: Placed Na+ in complex at (-49.88, -4.09, -28.04).
Placed Cl- in complex at (-9.47, -57.89, -21.58).
0: Placed Na+ in complex at (-27.46, 4.90, 44.09).
Placed Cl- in complex at (-54.07, 35.91, -13.05).
0: Placed Na+ in complex at (14.35, -29.44, -35.55).
Placed Cl- in complex at (32.19, 31.48, 21.50).
0: Placed Na+ in complex at (-22.61, -27.02, -28.12).
Placed Cl- in complex at (-33.42, -23.93, 2.77).
0: Placed Na+ in complex at (43.29, 25.04, -34.16).
Placed Cl- in complex at (-48.39, 21.62, 2.03).
0: Placed Na+ in complex at (54.65, -21.73, 40.26).
Placed Cl- in complex at (5.60, 21.75, 47.95).
0: Placed Na+ in complex at (1.88, -27.75, 43.38).
Placed Cl- in complex at (-9.90, 36.27, 51.82).
0: Placed Na+ in complex at (-19.56, 43.21, -3.30).
Placed Cl- in complex at (38.13, 1.49, 54.21).
0: Placed Na+ in complex at (41.83, 14.11, -15.73).
Placed Cl- in complex at (58.62, 23.29, 22.69).
0: Placed Na+ in complex at (-39.85, 8.89, 4.28).
Placed Cl- in complex at (-59.99, -11.47, 4.93).
0: Placed Na+ in complex at (19.87, 2.85, 53.75).
Placed Cl- in complex at (21.24, 24.14, 32.37).
0: Placed Na+ in complex at (-16.79, 8.54, 59.27).
Placed Cl- in complex at (38.95, -41.18, 25.91).
0: Placed Na+ in complex at (14.36, 67.69, 8.00).
Placed Cl- in complex at (3.18, -47.51, 1.26).
0: Placed Na+ in complex at (17.94, -14.37, 71.16).
Placed Cl- in complex at (-20.48, -44.35, -29.35).
0: Placed Na+ in complex at (34.88, 13.90, 40.30).
Placed Cl- in complex at (-13.27, -35.37, -23.14).
0: Placed Na+ in complex at (17.86, -6.29, -70.23).
Placed Cl- in complex at (60.63, -10.52, -27.19).
0: Placed Na+ in complex at (34.88, -9.09, 27.02).
Placed Cl- in complex at (-21.03, -18.80, 3.60).
0: Placed Na+ in complex at (-48.87, 25.53, 3.45).
Placed Cl- in complex at (34.73, 40.12, -19.50).
0: Placed Na+ in complex at (7.36, -23.64, 30.88).
Placed Cl- in complex at (-11.58, 22.62, -41.35).
0: Placed Na+ in complex at (-52.08, -2.78, 23.25).
Placed Cl- in complex at (59.80, 29.41, -18.43).
0: Placed Na+ in complex at (15.00, -6.98, -70.60).
Placed Cl- in complex at (-29.75, 8.12, 59.12).
0: Placed Na+ in complex at (41.06, -5.11, -58.64).
Placed Cl- in complex at (15.00, -29.97, -4.22).
0: Placed Na+ in complex at (-46.12, -0.96, -8.16).
Placed Cl- in complex at (-31.66, -5.41, -26.22).
0: Placed Na+ in complex at (-58.09, -32.18, 25.13).
Placed Cl- in complex at (21.35, 16.15, 21.50).
0: Placed Na+ in complex at (-35.27, 35.88, -14.93).
Placed Cl- in complex at (27.42, -40.46, -40.68).
0: Placed Na+ in complex at (12.32, -43.85, 0.85).
Placed Cl- in complex at (32.97, -29.39, 53.53).
0: Placed Na+ in complex at (17.79, -16.85, 25.13).
Placed Cl- in complex at (29.45, 32.37, -11.77).
0: Placed Na+ in complex at (-5.94, 25.09, -13.85).
Placed Cl- in complex at (8.11, -26.28, 56.43).
0: Placed Na+ in complex at (56.41, 1.79, -6.23).
Placed Cl- in complex at (-40.71, -48.50, -0.75).
0: Placed Na+ in complex at (-14.15, -32.83, -16.80).
Placed Cl- in complex at (-7.66, 29.14, 1.26).
0: Placed Na+ in complex at (-27.93, 33.25, 24.47).
Placed Cl- in complex at (-10.93, -18.35, 4.45).
0: Placed Na+ in complex at (16.26, 30.28, -21.86).
Placed Cl- in complex at (-54.11, 42.17, 4.26).
0: Placed Na+ in complex at (-38.77, -5.07, -15.36).
Placed Cl- in complex at (-19.32, -16.75, -39.36).
0: Placed Na+ in complex at (35.86, 21.27, -3.60).
Placed Cl- in complex at (-16.57, -23.08, -16.83).
0: Placed Na+ in complex at (-10.57, -39.89, 7.43).
Placed Cl- in complex at (-45.04, 14.83, 26.53).
0: Placed Na+ in complex at (16.87, -57.27, 19.65).
Placed Cl- in complex at (-45.36, -18.79, 28.96).
Checking Unit.
Building topology.
Building atom parameters.
Building bond parameters.
Building angle parameters.
Building proper torsion parameters.
Building improper torsion parameters.
 total 2628 improper torsions applied
Building H-Bond parameters.
Incorporating Non-Bonded adjustments.
Not Marking per-residue atom chain types.
Marking per-residue atom chain types.
  (Residues lacking connect0/connect1 - 
   these don't have chain types marked:

	res	total affected

	CVAL	1
	NMET	1
	PPO	1
	VRT	1
	WAT	38708
  )
 (no restraints)
	Quit

Exiting LEaP: Errors = 0; Warnings = 0; Notes = 0.
